-------------------------------------------------------------------------------
Test set: com.fcup.StorageControllerTest
-------------------------------------------------------------------------------
Tests run: 2, Failures: 1, Errors: 0, Skipped: 0, Time elapsed: 5.184 sec <<< FAILURE! - in com.fcup.StorageControllerTest
doOperationIntoDBAndThenLoadIt(com.fcup.StorageControllerTest)  Time elapsed: 2.947 sec  <<< FAILURE!
java.lang.AssertionError: Stored 169 shards from dbName instead of 168
	at org.junit.Assert.fail(Assert.java:88)
	at com.fcup.StorageControllerTest.doOperationIntoDBAndThenLoadIt(StorageControllerTest.java:102)

